<?xml version="1.0" encoding="UTF-8"?>
<!-- Generated by org.testng.reporters.JUnitReportReporter -->
<testsuite hostname="SAURATAR01" failures="0" tests="1" name="NewTest" time="0.034" errors="0" timestamp="2025-01-26T00:32:00 IST" skipped="0">
  <testcase classname="NewTest" name="f" time="0.034"/>
</testsuite> <!-- NewTest -->
